2025-02-21 12:51:01,541	[INFO]	(client.py:162)_bot_login	[botpy] 登录机器人账号中...
2025-02-21 12:51:01,841	[INFO]	(robot.py:65)update_access_token	[botpy] access_token expires_in 622
2025-02-21 12:51:02,461	[INFO]	(client.py:181)_bot_init	[botpy] 程序启动...
2025-02-21 12:51:02,462	[INFO]	(connection.py:60)multi_run	[botpy] 最大并发连接数: 1, 启动会话数: 1
2025-02-21 12:51:02,462	[INFO]	(client.py:242)bot_connect	[botpy] 会话启动中...
2025-02-21 12:51:02,462	[INFO]	(gateway.py:115)ws_connect	[botpy] 启动中...
2025-02-21 12:51:02,592	[INFO]	(gateway.py:142)ws_identify	[botpy] 鉴权中...
2025-02-21 12:51:02,682	[INFO]	(gateway.py:85)on_message	[botpy] 机器人「彩星kami」启动成功！
2025-02-21 12:51:03,238	[INFO]	(gateway.py:223)_send_heart	[botpy] 心跳维持启动...
2025-02-21 12:51:03,238	[INFO]	(main.py:82)on_ready	robot 「彩星kami」 启动成功!
2025-02-21 12:51:12,262	[INFO]	(main.py:89)on_group_at_message_create	{{'author': "{'member_openid': 'E45B0D856EF1DE9DC1DBBF50B1F3428F'}", 'group_openid': '67C4F014261439CAC2C7AF2848521C0C', 'content': ' /出刀情况 ', 'id': 'ROBOT1.0_iDfNC84bbJNb6nF8fU0r2xvQ9MvdZg.AEawL8lEMOhu5mUdYl1l4o1jKjHfKdMOWriFW.QXD-wozUZ6BZ78XNAjlj6H3wBCAbx3PilKrAso!', 'message_reference': "{'message_id': None}", 'mentions': '[]', 'attachments': '[]', 'msg_seq': 'None', 'timestamp': '2025-02-21T12:51:07+08:00', 'event_id': 'GROUP_AT_MESSAGE_CREATE:idfnc84bbjnb6nf8fu0r279nqiryksb94nlko0uhalxqkgxwpynhysl6q6ws849'}}
2025-02-21 12:54:55,540	[INFO]	(client.py:162)_bot_login	[botpy] 登录机器人账号中...
2025-02-21 12:54:55,688	[INFO]	(robot.py:65)update_access_token	[botpy] access_token expires_in 388
2025-02-21 12:54:56,134	[INFO]	(client.py:181)_bot_init	[botpy] 程序启动...
2025-02-21 12:54:56,134	[INFO]	(connection.py:60)multi_run	[botpy] 最大并发连接数: 1, 启动会话数: 1
2025-02-21 12:54:56,135	[INFO]	(client.py:242)bot_connect	[botpy] 会话启动中...
2025-02-21 12:54:56,135	[INFO]	(gateway.py:115)ws_connect	[botpy] 启动中...
2025-02-21 12:54:56,286	[INFO]	(gateway.py:142)ws_identify	[botpy] 鉴权中...
2025-02-21 12:54:56,361	[INFO]	(gateway.py:85)on_message	[botpy] 机器人「彩星kami」启动成功！
2025-02-21 12:54:56,361	[INFO]	(gateway.py:223)_send_heart	[botpy] 心跳维持启动...
2025-02-21 12:54:56,361	[INFO]	(main.py:82)on_ready	robot 「彩星kami」 启动成功!
2025-02-21 12:55:09,986	[INFO]	(main.py:89)on_group_at_message_create	{{'author': "{'member_openid': 'E45B0D856EF1DE9DC1DBBF50B1F3428F'}", 'group_openid': '67C4F014261439CAC2C7AF2848521C0C', 'content': ' /出刀情况 ', 'id': 'ROBOT1.0_iDfNC84bbJNb6nF8fU0r27RGNKve2MC1H527hGg5GpVt3Wg793R1RAS9W7fjY-PJMPCcXs6ScZijbdhRsfPZYAjlj6H3wBCAbx3PilKrAso!', 'message_reference': "{'message_id': None}", 'mentions': '[]', 'attachments': '[]', 'msg_seq': 'None', 'timestamp': '2025-02-21T12:55:05+08:00', 'event_id': 'GROUP_AT_MESSAGE_CREATE:idfnc84bbjnb6nf8fu0r27gqmi8764ipwdkpgdfbqtxqkgxwpynhysl6q6ws849'}}
2025-02-21 12:56:41,181	[INFO]	(client.py:162)_bot_login	[botpy] 登录机器人账号中...
2025-02-21 12:56:41,313	[INFO]	(robot.py:65)update_access_token	[botpy] access_token expires_in 282
2025-02-21 12:56:41,705	[INFO]	(client.py:181)_bot_init	[botpy] 程序启动...
2025-02-21 12:56:41,705	[INFO]	(connection.py:60)multi_run	[botpy] 最大并发连接数: 1, 启动会话数: 1
2025-02-21 12:56:41,705	[INFO]	(client.py:242)bot_connect	[botpy] 会话启动中...
2025-02-21 12:56:41,705	[INFO]	(gateway.py:115)ws_connect	[botpy] 启动中...
2025-02-21 12:56:41,849	[INFO]	(gateway.py:142)ws_identify	[botpy] 鉴权中...
2025-02-21 12:56:41,923	[INFO]	(gateway.py:85)on_message	[botpy] 机器人「彩星kami」启动成功！
2025-02-21 12:56:41,923	[INFO]	(gateway.py:223)_send_heart	[botpy] 心跳维持启动...
2025-02-21 12:56:41,923	[INFO]	(main.py:82)on_ready	robot 「彩星kami」 启动成功!
2025-02-21 12:57:09,021	[INFO]	(main.py:89)on_group_at_message_create	{{'author': "{'member_openid': 'E45B0D856EF1DE9DC1DBBF50B1F3428F'}", 'group_openid': '67C4F014261439CAC2C7AF2848521C0C', 'content': ' /出刀情况 ', 'id': 'ROBOT1.0_iDfNC84bbJNb6nF8fU0r2575gjNbOYjyyioEG0vkhewdG7hRmGpFcXajzKXYzcAZOeUfK.NkZ0JpvD7w1KSBxwjlj6H3wBCAbx3PilKrAso!', 'message_reference': "{'message_id': None}", 'mentions': '[]', 'attachments': '[]', 'msg_seq': 'None', 'timestamp': '2025-02-21T12:57:04+08:00', 'event_id': 'GROUP_AT_MESSAGE_CREATE:idfnc84bbjnb6nf8fu0r260d07mjezmwfqmsw7jxxzzxqkgxwpynhysl6q6ws849'}}
2025-02-21 12:57:50,817	[INFO]	(client.py:162)_bot_login	[botpy] 登录机器人账号中...
2025-02-21 12:57:50,962	[INFO]	(robot.py:65)update_access_token	[botpy] access_token expires_in 213
2025-02-21 12:57:51,377	[INFO]	(client.py:181)_bot_init	[botpy] 程序启动...
2025-02-21 12:57:51,377	[INFO]	(connection.py:60)multi_run	[botpy] 最大并发连接数: 1, 启动会话数: 1
2025-02-21 12:57:51,377	[INFO]	(client.py:242)bot_connect	[botpy] 会话启动中...
2025-02-21 12:57:51,377	[INFO]	(gateway.py:115)ws_connect	[botpy] 启动中...
2025-02-21 12:57:51,500	[INFO]	(gateway.py:142)ws_identify	[botpy] 鉴权中...
2025-02-21 12:57:51,601	[INFO]	(gateway.py:85)on_message	[botpy] 机器人「彩星kami」启动成功！
2025-02-21 12:57:51,601	[INFO]	(gateway.py:223)_send_heart	[botpy] 心跳维持启动...
2025-02-21 12:57:51,601	[INFO]	(main.py:82)on_ready	robot 「彩星kami」 启动成功!
2025-02-21 12:58:11,769	[INFO]	(main.py:89)on_group_at_message_create	{{'author': "{'member_openid': 'E45B0D856EF1DE9DC1DBBF50B1F3428F'}", 'group_openid': '67C4F014261439CAC2C7AF2848521C0C', 'content': ' /出刀情况 ', 'id': 'ROBOT1.0_iDfNC84bbJNb6nF8fU0r2w8byT8NMlXIYW03MvP6YuW7bAs-YLBjdaeGyfgirAZF4qonVj-nhkRZD7ftRjmOdwjlj6H3wBCAbx3PilKrAso!', 'message_reference': "{'message_id': None}", 'mentions': '[]', 'attachments': '[]', 'msg_seq': 'None', 'timestamp': '2025-02-21T12:58:07+08:00', 'event_id': 'GROUP_AT_MESSAGE_CREATE:idfnc84bbjnb6nf8fu0r295yxvn5jmzkprbtcficixdxqkgxwpynhysl6q6ws849'}}
2025-02-21 12:58:57,549	[INFO]	(client.py:162)_bot_login	[botpy] 登录机器人账号中...
2025-02-21 12:58:57,698	[INFO]	(robot.py:65)update_access_token	[botpy] access_token expires_in 146
2025-02-21 12:58:58,100	[INFO]	(client.py:181)_bot_init	[botpy] 程序启动...
2025-02-21 12:58:58,100	[INFO]	(connection.py:60)multi_run	[botpy] 最大并发连接数: 1, 启动会话数: 1
2025-02-21 12:58:58,100	[INFO]	(client.py:242)bot_connect	[botpy] 会话启动中...
2025-02-21 12:58:58,100	[INFO]	(gateway.py:115)ws_connect	[botpy] 启动中...
2025-02-21 12:58:58,208	[INFO]	(gateway.py:142)ws_identify	[botpy] 鉴权中...
2025-02-21 12:58:58,280	[INFO]	(gateway.py:85)on_message	[botpy] 机器人「彩星kami」启动成功！
2025-02-21 12:58:58,281	[INFO]	(gateway.py:223)_send_heart	[botpy] 心跳维持启动...
2025-02-21 12:58:58,281	[INFO]	(main.py:83)on_ready	robot 「彩星kami」 启动成功!
2025-02-21 12:59:06,861	[INFO]	(main.py:90)on_group_at_message_create	{{'author': "{'member_openid': 'E45B0D856EF1DE9DC1DBBF50B1F3428F'}", 'group_openid': '67C4F014261439CAC2C7AF2848521C0C', 'content': ' /出刀情况 ', 'id': 'ROBOT1.0_iDfNC84bbJNb6nF8fU0r2yHRgggpfEmMe40.a78hUx-sswNaarbFRMGoswnm1Cgo-Evx5mcv03JwDnb487cGlwjlj6H3wBCAbx3PilKrAso!', 'message_reference': "{'message_id': None}", 'mentions': '[]', 'attachments': '[]', 'msg_seq': 'None', 'timestamp': '2025-02-21T12:59:02+08:00', 'event_id': 'GROUP_AT_MESSAGE_CREATE:idfnc84bbjnb6nf8fu0r20tg1dmxhfserbbftsbpik9xqkgxwpynhysl6q6ws849'}}
